<?xml version="1.0" encoding="UTF-8"?>
<!-- Generated by org.testng.reporters.JUnitReportReporter -->
<testsuite hostname="QA" failures="0" tests="1" name="SiteTestCases.SettingsTests.CompanyManagementTests.CompanyManagementTestsPage" time="71.302" errors="0" timestamp="2022-12-12T11:18:22 PKT" skipped="0">
  <testcase classname="SiteTestCases.SettingsTests.CompanyManagementTests.CompanyManagementTestsPage" name="SignInOptions_EnableMagicLink" time="71.302"/>
  <system-out/>
</testsuite> <!-- SiteTestCases.SettingsTests.CompanyManagementTests.CompanyManagementTestsPage -->
