<?xml version="1.0" encoding="UTF-8"?>
<!-- Generated by org.testng.reporters.JUnitReportReporter -->
<testsuite hostname="QA" failures="0" tests="1" name="SiteTestCases.SettingsTests.CompanyManagementTests.CompanyManagementTestsPage" time="61.462" errors="0" timestamp="2022-12-15T10:55:28 PKT" skipped="0">
  <testcase classname="SiteTestCases.SettingsTests.CompanyManagementTests.CompanyManagementTestsPage" name="SignInOptions_EnableMagicLink" time="61.462"/>
  <system-out/>
</testsuite> <!-- SiteTestCases.SettingsTests.CompanyManagementTests.CompanyManagementTestsPage -->
