<?xml version="1.0" encoding="UTF-8"?>
<!-- Generated by org.testng.reporters.JUnitReportReporter -->
<testsuite hostname="QA" failures="0" tests="2" name="SiteTestCases.SettingsTests.WorkflowsTests.WorkflowsPageTests" time="0.174" errors="1" timestamp="2022-12-15T13:45:54 PKT" skipped="1">
  <testcase classname="SiteTestCases.SettingsTests.WorkflowsTests.WorkflowsPageTests" name="initDriver" time="0.174">
    <error message="&#039;com.google.common.collect.ImmutableMap com.google.common.collect.ImmutableMap.of(java.lang.Object, java.lang.Object, java.lang.Object, java.lang.Object, java.lang.Object, java.lang.Object, java.lang.Object, java.lang.Object, java.lang.Object, java.lang.Object, java.lang.Object, java.lang.Object)&#039;" type="java.lang.NoSuchMethodError">
      <![CDATA[java.lang.NoSuchMethodError: 'com.google.common.collect.ImmutableMap com.google.common.collect.ImmutableMap.of(java.lang.Object, java.lang.Object, java.lang.Object, java.lang.Object, java.lang.Object, java.lang.Object, java.lang.Object, java.lang.Object, java.lang.Object, java.lang.Object, java.lang.Object, java.lang.Object)'
at org.openqa.selenium.chrome.AddHasCasting.getAdditionalCommands(AddHasCasting.java:38)
at org.openqa.selenium.chrome.ChromeDriver$ChromeDriverCommandExecutor.getExtraCommands(ChromeDriver.java:99)
at org.openqa.selenium.chrome.ChromeDriver$ChromeDriverCommandExecutor.<init>(ChromeDriver.java:94)
at org.openqa.selenium.chrome.ChromeDriver.<init>(ChromeDriver.java:82)
at org.openqa.selenium.chrome.ChromeDriver.<init>(ChromeDriver.java:50)
at BaseClasses.DriverBaseClass.initDriver(DriverBaseClass.java:216)
at java.base/jdk.internal.reflect.NativeMethodAccessorImpl.invoke0(Native Method)
at java.base/jdk.internal.reflect.NativeMethodAccessorImpl.invoke(NativeMethodAccessorImpl.java:77)
at java.base/jdk.internal.reflect.DelegatingMethodAccessorImpl.invoke(DelegatingMethodAccessorImpl.java:43)
at java.base/java.lang.reflect.Method.invoke(Method.java:568)
at org.testng.internal.MethodInvocationHelper.invokeMethod(MethodInvocationHelper.java:133)
at org.testng.internal.MethodInvocationHelper.invokeMethodConsideringTimeout(MethodInvocationHelper.java:62)
at org.testng.internal.ConfigInvoker.invokeConfigurationMethod(ConfigInvoker.java:385)
at org.testng.internal.ConfigInvoker.invokeConfigurations(ConfigInvoker.java:321)
at org.testng.TestRunner.invokeTestConfigurations(TestRunner.java:637)
at org.testng.TestRunner.beforeRun(TestRunner.java:627)
at org.testng.TestRunner.run(TestRunner.java:589)
at org.testng.SuiteRunner.runTest(SuiteRunner.java:377)
at org.testng.SuiteRunner.runSequentially(SuiteRunner.java:371)
at org.testng.SuiteRunner.privateRun(SuiteRunner.java:332)
at org.testng.SuiteRunner.run(SuiteRunner.java:276)
at org.testng.SuiteRunnerWorker.runSuite(SuiteRunnerWorker.java:53)
at org.testng.SuiteRunnerWorker.run(SuiteRunnerWorker.java:96)
at org.testng.TestNG.runSuitesSequentially(TestNG.java:1212)
at org.testng.TestNG.runSuitesLocally(TestNG.java:1134)
at org.testng.TestNG.runSuites(TestNG.java:1063)
at org.testng.TestNG.run(TestNG.java:1031)
at org.testng.remote.AbstractRemoteTestNG.run(AbstractRemoteTestNG.java:115)
at org.testng.remote.RemoteTestNG.initAndRun(RemoteTestNG.java:251)
at org.testng.remote.RemoteTestNG.main(RemoteTestNG.java:77)
]]>
    </error>
  </testcase> <!-- initDriver -->
  <system-out/>
  <testcase classname="SiteTestCases.SettingsTests.WorkflowsTests.WorkflowsPageTests" name="PreviewCustomize" time="0.000">
    <skipped/>
  </testcase> <!-- PreviewCustomize -->
  <system-out/>
</testsuite> <!-- SiteTestCases.SettingsTests.WorkflowsTests.WorkflowsPageTests -->
