<?xml version="1.0" encoding="UTF-8"?>
<!-- Generated by org.testng.reporters.JUnitReportReporter -->
<testsuite hostname="QA" failures="0" tests="3" name="SiteTestCases.SettingsTests.APIandWebhooksTests.APIandWebhooksTestsPage" time="139.026" errors="0" timestamp="2022-12-09T11:50:22 PKT" skipped="0">
  <testcase classname="SiteTestCases.SettingsTests.APIandWebhooksTests.APIandWebhooksTestsPage" name="GenerateLabelOCRAPIKey" time="43.429"/>
  <system-out/>
  <testcase classname="SiteTestCases.SettingsTests.APIandWebhooksTests.APIandWebhooksTestsPage" name="GenerateAPIKey" time="42.071"/>
  <system-out/>
  <testcase classname="SiteTestCases.SettingsTests.APIandWebhooksTests.APIandWebhooksTestsPage" name="CreateWebhooks" time="53.526"/>
  <system-out/>
</testsuite> <!-- SiteTestCases.SettingsTests.APIandWebhooksTests.APIandWebhooksTestsPage -->
