<?xml version="1.0" encoding="UTF-8"?>
<!-- Generated by org.testng.reporters.JUnitReportReporter -->
<testsuite hostname="QA" failures="0" tests="4" name="SiteTestCases.UsersTests.UsersPageTests" time="962.023" errors="0" timestamp="2022-12-09T11:50:22 PKT" skipped="0">
  <testcase classname="SiteTestCases.UsersTests.UsersPageTests" name="AddNewManagerUser" time="311.502"/>
  <system-out/>
  <testcase classname="SiteTestCases.UsersTests.UsersPageTests" name="AddNewAdminUserFiltersSorting" time="185.518"/>
  <system-out/>
  <testcase classname="SiteTestCases.UsersTests.UsersPageTests" name="AddNewOperatorUser" time="277.653"/>
  <system-out/>
  <testcase classname="SiteTestCases.UsersTests.UsersPageTests" name="AddNewAdminUser" time="187.350"/>
  <system-out/>
</testsuite> <!-- SiteTestCases.UsersTests.UsersPageTests -->
