<?xml version="1.0" encoding="UTF-8"?>
<!-- Generated by org.testng.reporters.JUnitReportReporter -->
<testsuite hostname="QA" failures="0" tests="2" name="SiteTestCases.AnalyticsTests.AnalyticsPageTests" time="186.771" errors="0" timestamp="2022-12-12T11:18:23 PKT" skipped="0">
  <testcase classname="SiteTestCases.AnalyticsTests.AnalyticsPageTests" name="GlobalSearch" time="69.471"/>
  <system-out/>
  <testcase classname="SiteTestCases.AnalyticsTests.AnalyticsPageTests" name="Analytics" time="117.300"/>
  <system-out/>
</testsuite> <!-- SiteTestCases.AnalyticsTests.AnalyticsPageTests -->
