<?xml version="1.0" encoding="UTF-8"?>
<!-- Generated by org.testng.reporters.JUnitReportReporter -->
<testsuite hostname="QA" failures="0" tests="2" name="SiteTestCases.AnalyticsTests.AnalyticsPageTests" time="191.718" errors="0" timestamp="2022-12-09T11:50:22 PKT" skipped="0">
  <testcase classname="SiteTestCases.AnalyticsTests.AnalyticsPageTests" name="Analytics" time="123.402"/>
  <system-out/>
  <testcase classname="SiteTestCases.AnalyticsTests.AnalyticsPageTests" name="GlobalSearch" time="68.316"/>
  <system-out/>
</testsuite> <!-- SiteTestCases.AnalyticsTests.AnalyticsPageTests -->
