<?xml version="1.0" encoding="UTF-8"?>
<!-- Generated by org.testng.reporters.JUnitReportReporter -->
<testsuite hostname="QA" failures="0" tests="4" name="SiteTestCases.UsersTests.UsersPageTests" time="953.695" errors="0" timestamp="2022-12-15T10:55:28 PKT" skipped="0">
  <testcase classname="SiteTestCases.UsersTests.UsersPageTests" name="AddNewAdminUser" time="172.077"/>
  <system-out/>
  <testcase classname="SiteTestCases.UsersTests.UsersPageTests" name="AddNewAdminUserFiltersSorting" time="182.748"/>
  <system-out/>
  <testcase classname="SiteTestCases.UsersTests.UsersPageTests" name="AddNewOperatorUser" time="275.677"/>
  <system-out/>
  <testcase classname="SiteTestCases.UsersTests.UsersPageTests" name="AddNewManagerUser" time="323.193"/>
  <system-out/>
</testsuite> <!-- SiteTestCases.UsersTests.UsersPageTests -->
