<?xml version="1.0" encoding="UTF-8"?>
<!-- Generated by org.testng.reporters.JUnitReportReporter -->
<testsuite hostname="QA" failures="0" tests="4" name="SiteTestCases.UsersTests.UsersPageTests" time="957.068" errors="0" timestamp="2022-12-12T11:18:22 PKT" skipped="0">
  <testcase classname="SiteTestCases.UsersTests.UsersPageTests" name="AddNewAdminUser" time="184.695"/>
  <system-out/>
  <testcase classname="SiteTestCases.UsersTests.UsersPageTests" name="AddNewManagerUser" time="318.170"/>
  <system-out/>
  <testcase classname="SiteTestCases.UsersTests.UsersPageTests" name="AddNewOperatorUser" time="267.462"/>
  <system-out/>
  <testcase classname="SiteTestCases.UsersTests.UsersPageTests" name="AddNewAdminUserFiltersSorting" time="186.741"/>
  <system-out/>
</testsuite> <!-- SiteTestCases.UsersTests.UsersPageTests -->
